<?xml version="1.0" encoding="UTF-8"?>
<!-- Generated by org.testng.reporters.JUnitXMLReporter -->
<testsuite ignored="0" hostname="LAPTOP-NVEVNPDN" failures="0" tests="9" name="Test" time="297.213" errors="0" timestamp="2024-10-26T14:29:10 IST">
  <testcase classname="testBase.BaseClass" name="@BeforeClass setup" time="265.089">
    <failure type="org.openqa.selenium.TimeoutException" message="timeout: Timed out receiving message from renderer: 8.843
  (Session info: chrome=130.0.6723.70)
Build info: version: &amp;apos;4.25.0&amp;apos;, revision: &amp;apos;8a8aea2337&amp;apos;
System info: os.name: &amp;apos;Windows 10&amp;apos;, os.arch: &amp;apos;amd64&amp;apos;, os.version: &amp;apos;10.0&amp;apos;, java.version: &amp;apos;17.0.1&amp;apos;
Driver info: org.openqa.selenium.chrome.ChromeDriver
Command: [7405785abf22051ed98a0da808236f81, get {url=https://tutorialsninja.com/demo/}]
Capabilities {acceptInsecureCerts: false, browserName: chrome, browserVersion: 130.0.6723.70, chrome: {chromedriverVersion: 130.0.6723.69 (3ec172b971b9..., userDataDir: C:\Users\ajink\AppData\Loca...}, fedcm:accounts: true, goog:chromeOptions: {debuggerAddress: localhost:51097}, networkConnectionEnabled: false, pageLoadStrategy: normal, platformName: windows, proxy: Proxy(), se:cdp: ws://localhost:51097/devtoo..., se:cdpVersion: 130.0.6723.70, setWindowRect: true, strictFileInteractability: false, timeouts: {implicit: 0, pageLoad: 300000, script: 30000}, unhandledPromptBehavior: dismiss and notify, webauthn:extension:credBlob: true, webauthn:extension:largeBlob: true, webauthn:extension:minPinLength: true, webauthn:extension:prf: true, webauthn:virtualAuthenticators: true}
Session ID: 7405785abf22051ed98a0da808236f81">
      <![CDATA[org.openqa.selenium.TimeoutException: timeout: Timed out receiving message from renderer: 8.843
  (Session info: chrome=130.0.6723.70)
Build info: version: '4.25.0', revision: '8a8aea2337'
System info: os.name: 'Windows 10', os.arch: 'amd64', os.version: '10.0', java.version: '17.0.1'
Driver info: org.openqa.selenium.chrome.ChromeDriver
Command: [7405785abf22051ed98a0da808236f81, get {url=https://tutorialsninja.com/demo/}]
Capabilities {acceptInsecureCerts: false, browserName: chrome, browserVersion: 130.0.6723.70, chrome: {chromedriverVersion: 130.0.6723.69 (3ec172b971b9..., userDataDir: C:\Users\ajink\AppData\Loca...}, fedcm:accounts: true, goog:chromeOptions: {debuggerAddress: localhost:51097}, networkConnectionEnabled: false, pageLoadStrategy: normal, platformName: windows, proxy: Proxy(), se:cdp: ws://localhost:51097/devtoo..., se:cdpVersion: 130.0.6723.70, setWindowRect: true, strictFileInteractability: false, timeouts: {implicit: 0, pageLoad: 300000, script: 30000}, unhandledPromptBehavior: dismiss and notify, webauthn:extension:credBlob: true, webauthn:extension:largeBlob: true, webauthn:extension:minPinLength: true, webauthn:extension:prf: true, webauthn:virtualAuthenticators: true}
Session ID: 7405785abf22051ed98a0da808236f81
at org.openqa.selenium.remote.ErrorCodec.decode(ErrorCodec.java:167)
at org.openqa.selenium.remote.codec.w3c.W3CHttpResponseCodec.decode(W3CHttpResponseCodec.java:138)
at org.openqa.selenium.remote.codec.w3c.W3CHttpResponseCodec.decode(W3CHttpResponseCodec.java:50)
at org.openqa.selenium.remote.HttpCommandExecutor.execute(HttpCommandExecutor.java:190)
at org.openqa.selenium.remote.service.DriverCommandExecutor.invokeExecute(DriverCommandExecutor.java:216)
at org.openqa.selenium.remote.service.DriverCommandExecutor.execute(DriverCommandExecutor.java:174)
at org.openqa.selenium.remote.RemoteWebDriver.execute(RemoteWebDriver.java:545)
at org.openqa.selenium.remote.RemoteWebDriver.get(RemoteWebDriver.java:313)
at testBase.BaseClass.setup(BaseClass.java:54)
at java.base/java.util.ArrayList.forEach(ArrayList.java:1511)
... Removed 34 stack frames]]>
    </failure>
  </testcase> <!-- @BeforeClass setup -->
  <testcase classname="testBase.BaseClass" name="@AfterClass tearDown" time="0.0">
    <skipped/>
  </testcase> <!-- @AfterClass tearDown -->
  <testcase classname="testBase.BaseClass" name="@BeforeClass setup" time="7.733">
    <failure type="org.openqa.selenium.WebDriverException" message="target frame detached: received Inspector.detached event
  (failed to check if window was closed: disconnected: Unable to receive message from renderer)
  (Session info: chrome=130.0.6723.70)
Build info: version: &amp;apos;4.25.0&amp;apos;, revision: &amp;apos;8a8aea2337&amp;apos;
System info: os.name: &amp;apos;Windows 10&amp;apos;, os.arch: &amp;apos;amd64&amp;apos;, os.version: &amp;apos;10.0&amp;apos;, java.version: &amp;apos;17.0.1&amp;apos;
Driver info: org.openqa.selenium.chrome.ChromeDriver
Command: [2c9d4066c2f1a8479f5ec952f5f362b0, get {url=https://tutorialsninja.com/demo/}]
Capabilities {acceptInsecureCerts: false, browserName: chrome, browserVersion: 130.0.6723.70, chrome: {chromedriverVersion: 130.0.6723.69 (3ec172b971b9..., userDataDir: C:\Users\ajink\AppData\Loca...}, fedcm:accounts: true, goog:chromeOptions: {debuggerAddress: localhost:51133}, networkConnectionEnabled: false, pageLoadStrategy: normal, platformName: windows, proxy: Proxy(), se:cdp: ws://localhost:51133/devtoo..., se:cdpVersion: 130.0.6723.70, setWindowRect: true, strictFileInteractability: false, timeouts: {implicit: 0, pageLoad: 300000, script: 30000}, unhandledPromptBehavior: dismiss and notify, webauthn:extension:credBlob: true, webauthn:extension:largeBlob: true, webauthn:extension:minPinLength: true, webauthn:extension:prf: true, webauthn:virtualAuthenticators: true}
Session ID: 2c9d4066c2f1a8479f5ec952f5f362b0">
      <![CDATA[org.openqa.selenium.WebDriverException: target frame detached: received Inspector.detached event
  (failed to check if window was closed: disconnected: Unable to receive message from renderer)
  (Session info: chrome=130.0.6723.70)
Build info: version: '4.25.0', revision: '8a8aea2337'
System info: os.name: 'Windows 10', os.arch: 'amd64', os.version: '10.0', java.version: '17.0.1'
Driver info: org.openqa.selenium.chrome.ChromeDriver
Command: [2c9d4066c2f1a8479f5ec952f5f362b0, get {url=https://tutorialsninja.com/demo/}]
Capabilities {acceptInsecureCerts: false, browserName: chrome, browserVersion: 130.0.6723.70, chrome: {chromedriverVersion: 130.0.6723.69 (3ec172b971b9..., userDataDir: C:\Users\ajink\AppData\Loca...}, fedcm:accounts: true, goog:chromeOptions: {debuggerAddress: localhost:51133}, networkConnectionEnabled: false, pageLoadStrategy: normal, platformName: windows, proxy: Proxy(), se:cdp: ws://localhost:51133/devtoo..., se:cdpVersion: 130.0.6723.70, setWindowRect: true, strictFileInteractability: false, timeouts: {implicit: 0, pageLoad: 300000, script: 30000}, unhandledPromptBehavior: dismiss and notify, webauthn:extension:credBlob: true, webauthn:extension:largeBlob: true, webauthn:extension:minPinLength: true, webauthn:extension:prf: true, webauthn:virtualAuthenticators: true}
Session ID: 2c9d4066c2f1a8479f5ec952f5f362b0
at org.openqa.selenium.remote.ErrorCodec.decode(ErrorCodec.java:167)
at org.openqa.selenium.remote.codec.w3c.W3CHttpResponseCodec.decode(W3CHttpResponseCodec.java:138)
at org.openqa.selenium.remote.codec.w3c.W3CHttpResponseCodec.decode(W3CHttpResponseCodec.java:50)
at org.openqa.selenium.remote.HttpCommandExecutor.execute(HttpCommandExecutor.java:190)
at org.openqa.selenium.remote.service.DriverCommandExecutor.invokeExecute(DriverCommandExecutor.java:216)
at org.openqa.selenium.remote.service.DriverCommandExecutor.execute(DriverCommandExecutor.java:174)
at org.openqa.selenium.remote.RemoteWebDriver.execute(RemoteWebDriver.java:545)
at org.openqa.selenium.remote.RemoteWebDriver.get(RemoteWebDriver.java:313)
at testBase.BaseClass.setup(BaseClass.java:54)
at java.base/java.util.ArrayList.forEach(ArrayList.java:1511)
... Removed 34 stack frames]]>
    </failure>
  </testcase> <!-- @BeforeClass setup -->
  <testcase classname="testBase.BaseClass" name="@AfterClass tearDown" time="0.0">
    <skipped/>
  </testcase> <!-- @AfterClass tearDown -->
  <testcase classname="testBase.BaseClass" name="@BeforeClass setup" time="3.994">
    <failure type="org.openqa.selenium.WebDriverException" message="target frame detached: received Inspector.detached event
  (failed to check if window was closed: disconnected: Unable to receive message from renderer)
  (Session info: chrome=130.0.6723.70)
Build info: version: &amp;apos;4.25.0&amp;apos;, revision: &amp;apos;8a8aea2337&amp;apos;
System info: os.name: &amp;apos;Windows 10&amp;apos;, os.arch: &amp;apos;amd64&amp;apos;, os.version: &amp;apos;10.0&amp;apos;, java.version: &amp;apos;17.0.1&amp;apos;
Driver info: org.openqa.selenium.chrome.ChromeDriver
Command: [ba7e88c39e5c54f3b0ca57066edab198, get {url=https://tutorialsninja.com/demo/}]
Capabilities {acceptInsecureCerts: false, browserName: chrome, browserVersion: 130.0.6723.70, chrome: {chromedriverVersion: 130.0.6723.69 (3ec172b971b9..., userDataDir: C:\Users\ajink\AppData\Loca...}, fedcm:accounts: true, goog:chromeOptions: {debuggerAddress: localhost:51178}, networkConnectionEnabled: false, pageLoadStrategy: normal, platformName: windows, proxy: Proxy(), se:cdp: ws://localhost:51178/devtoo..., se:cdpVersion: 130.0.6723.70, setWindowRect: true, strictFileInteractability: false, timeouts: {implicit: 0, pageLoad: 300000, script: 30000}, unhandledPromptBehavior: dismiss and notify, webauthn:extension:credBlob: true, webauthn:extension:largeBlob: true, webauthn:extension:minPinLength: true, webauthn:extension:prf: true, webauthn:virtualAuthenticators: true}
Session ID: ba7e88c39e5c54f3b0ca57066edab198">
      <![CDATA[org.openqa.selenium.WebDriverException: target frame detached: received Inspector.detached event
  (failed to check if window was closed: disconnected: Unable to receive message from renderer)
  (Session info: chrome=130.0.6723.70)
Build info: version: '4.25.0', revision: '8a8aea2337'
System info: os.name: 'Windows 10', os.arch: 'amd64', os.version: '10.0', java.version: '17.0.1'
Driver info: org.openqa.selenium.chrome.ChromeDriver
Command: [ba7e88c39e5c54f3b0ca57066edab198, get {url=https://tutorialsninja.com/demo/}]
Capabilities {acceptInsecureCerts: false, browserName: chrome, browserVersion: 130.0.6723.70, chrome: {chromedriverVersion: 130.0.6723.69 (3ec172b971b9..., userDataDir: C:\Users\ajink\AppData\Loca...}, fedcm:accounts: true, goog:chromeOptions: {debuggerAddress: localhost:51178}, networkConnectionEnabled: false, pageLoadStrategy: normal, platformName: windows, proxy: Proxy(), se:cdp: ws://localhost:51178/devtoo..., se:cdpVersion: 130.0.6723.70, setWindowRect: true, strictFileInteractability: false, timeouts: {implicit: 0, pageLoad: 300000, script: 30000}, unhandledPromptBehavior: dismiss and notify, webauthn:extension:credBlob: true, webauthn:extension:largeBlob: true, webauthn:extension:minPinLength: true, webauthn:extension:prf: true, webauthn:virtualAuthenticators: true}
Session ID: ba7e88c39e5c54f3b0ca57066edab198
at org.openqa.selenium.remote.ErrorCodec.decode(ErrorCodec.java:167)
at org.openqa.selenium.remote.codec.w3c.W3CHttpResponseCodec.decode(W3CHttpResponseCodec.java:138)
at org.openqa.selenium.remote.codec.w3c.W3CHttpResponseCodec.decode(W3CHttpResponseCodec.java:50)
at org.openqa.selenium.remote.HttpCommandExecutor.execute(HttpCommandExecutor.java:190)
at org.openqa.selenium.remote.service.DriverCommandExecutor.invokeExecute(DriverCommandExecutor.java:216)
at org.openqa.selenium.remote.service.DriverCommandExecutor.execute(DriverCommandExecutor.java:174)
at org.openqa.selenium.remote.RemoteWebDriver.execute(RemoteWebDriver.java:545)
at org.openqa.selenium.remote.RemoteWebDriver.get(RemoteWebDriver.java:313)
at testBase.BaseClass.setup(BaseClass.java:54)
at java.base/java.util.ArrayList.forEach(ArrayList.java:1511)
... Removed 34 stack frames]]>
    </failure>
  </testcase> <!-- @BeforeClass setup -->
  <testcase classname="testBase.BaseClass" name="@AfterClass tearDown" time="0.0">
    <skipped/>
  </testcase> <!-- @AfterClass tearDown -->
  <testcase classname="testBase.BaseClass" name="@BeforeClass setup" time="13.02">
    <failure type="org.openqa.selenium.TimeoutException" message="timeout: Timed out receiving message from renderer: 7.518
  (Session info: chrome=130.0.6723.70)
Build info: version: &amp;apos;4.25.0&amp;apos;, revision: &amp;apos;8a8aea2337&amp;apos;
System info: os.name: &amp;apos;Windows 10&amp;apos;, os.arch: &amp;apos;amd64&amp;apos;, os.version: &amp;apos;10.0&amp;apos;, java.version: &amp;apos;17.0.1&amp;apos;
Driver info: org.openqa.selenium.chrome.ChromeDriver
Command: [6cbf5d0a985a26d941c297a41947e14a, get {url=https://tutorialsninja.com/demo/}]
Capabilities {acceptInsecureCerts: false, browserName: chrome, browserVersion: 130.0.6723.70, chrome: {chromedriverVersion: 130.0.6723.69 (3ec172b971b9..., userDataDir: C:\Users\ajink\AppData\Loca...}, fedcm:accounts: true, goog:chromeOptions: {debuggerAddress: localhost:51201}, networkConnectionEnabled: false, pageLoadStrategy: normal, platformName: windows, proxy: Proxy(), se:cdp: ws://localhost:51201/devtoo..., se:cdpVersion: 130.0.6723.70, setWindowRect: true, strictFileInteractability: false, timeouts: {implicit: 0, pageLoad: 300000, script: 30000}, unhandledPromptBehavior: dismiss and notify, webauthn:extension:credBlob: true, webauthn:extension:largeBlob: true, webauthn:extension:minPinLength: true, webauthn:extension:prf: true, webauthn:virtualAuthenticators: true}
Session ID: 6cbf5d0a985a26d941c297a41947e14a">
      <![CDATA[org.openqa.selenium.TimeoutException: timeout: Timed out receiving message from renderer: 7.518
  (Session info: chrome=130.0.6723.70)
Build info: version: '4.25.0', revision: '8a8aea2337'
System info: os.name: 'Windows 10', os.arch: 'amd64', os.version: '10.0', java.version: '17.0.1'
Driver info: org.openqa.selenium.chrome.ChromeDriver
Command: [6cbf5d0a985a26d941c297a41947e14a, get {url=https://tutorialsninja.com/demo/}]
Capabilities {acceptInsecureCerts: false, browserName: chrome, browserVersion: 130.0.6723.70, chrome: {chromedriverVersion: 130.0.6723.69 (3ec172b971b9..., userDataDir: C:\Users\ajink\AppData\Loca...}, fedcm:accounts: true, goog:chromeOptions: {debuggerAddress: localhost:51201}, networkConnectionEnabled: false, pageLoadStrategy: normal, platformName: windows, proxy: Proxy(), se:cdp: ws://localhost:51201/devtoo..., se:cdpVersion: 130.0.6723.70, setWindowRect: true, strictFileInteractability: false, timeouts: {implicit: 0, pageLoad: 300000, script: 30000}, unhandledPromptBehavior: dismiss and notify, webauthn:extension:credBlob: true, webauthn:extension:largeBlob: true, webauthn:extension:minPinLength: true, webauthn:extension:prf: true, webauthn:virtualAuthenticators: true}
Session ID: 6cbf5d0a985a26d941c297a41947e14a
at org.openqa.selenium.remote.ErrorCodec.decode(ErrorCodec.java:167)
at org.openqa.selenium.remote.codec.w3c.W3CHttpResponseCodec.decode(W3CHttpResponseCodec.java:138)
at org.openqa.selenium.remote.codec.w3c.W3CHttpResponseCodec.decode(W3CHttpResponseCodec.java:50)
at org.openqa.selenium.remote.HttpCommandExecutor.execute(HttpCommandExecutor.java:190)
at org.openqa.selenium.remote.service.DriverCommandExecutor.invokeExecute(DriverCommandExecutor.java:216)
at org.openqa.selenium.remote.service.DriverCommandExecutor.execute(DriverCommandExecutor.java:174)
at org.openqa.selenium.remote.RemoteWebDriver.execute(RemoteWebDriver.java:545)
at org.openqa.selenium.remote.RemoteWebDriver.get(RemoteWebDriver.java:313)
at testBase.BaseClass.setup(BaseClass.java:54)
at java.base/java.util.ArrayList.forEach(ArrayList.java:1511)
... Removed 34 stack frames]]>
    </failure>
  </testcase> <!-- @BeforeClass setup -->
  <testcase classname="testBase.BaseClass" name="@AfterClass tearDown" time="0.0">
    <skipped/>
  </testcase> <!-- @AfterClass tearDown -->
  <testcase classname="testBase.BaseClass" name="@BeforeClass setup" time="4.767">
    <failure type="org.openqa.selenium.NoSuchWindowException" message="no such window: target window already closed
from unknown error: web view not found
  (Session info: chrome=130.0.6723.70)
Build info: version: &amp;apos;4.25.0&amp;apos;, revision: &amp;apos;8a8aea2337&amp;apos;
System info: os.name: &amp;apos;Windows 10&amp;apos;, os.arch: &amp;apos;amd64&amp;apos;, os.version: &amp;apos;10.0&amp;apos;, java.version: &amp;apos;17.0.1&amp;apos;
Driver info: org.openqa.selenium.chrome.ChromeDriver
Command: [31323a6d91aefb6b8ce133936bca192d, maximizeCurrentWindow {}]
Capabilities {acceptInsecureCerts: false, browserName: chrome, browserVersion: 130.0.6723.70, chrome: {chromedriverVersion: 130.0.6723.69 (3ec172b971b9..., userDataDir: C:\Users\ajink\AppData\Loca...}, fedcm:accounts: true, goog:chromeOptions: {debuggerAddress: localhost:51259}, networkConnectionEnabled: false, pageLoadStrategy: normal, platformName: windows, proxy: Proxy(), se:cdp: ws://localhost:51259/devtoo..., se:cdpVersion: 130.0.6723.70, setWindowRect: true, strictFileInteractability: false, timeouts: {implicit: 0, pageLoad: 300000, script: 30000}, unhandledPromptBehavior: dismiss and notify, webauthn:extension:credBlob: true, webauthn:extension:largeBlob: true, webauthn:extension:minPinLength: true, webauthn:extension:prf: true, webauthn:virtualAuthenticators: true}
Session ID: 31323a6d91aefb6b8ce133936bca192d">
      <![CDATA[org.openqa.selenium.NoSuchWindowException: no such window: target window already closed
from unknown error: web view not found
  (Session info: chrome=130.0.6723.70)
Build info: version: '4.25.0', revision: '8a8aea2337'
System info: os.name: 'Windows 10', os.arch: 'amd64', os.version: '10.0', java.version: '17.0.1'
Driver info: org.openqa.selenium.chrome.ChromeDriver
Command: [31323a6d91aefb6b8ce133936bca192d, maximizeCurrentWindow {}]
Capabilities {acceptInsecureCerts: false, browserName: chrome, browserVersion: 130.0.6723.70, chrome: {chromedriverVersion: 130.0.6723.69 (3ec172b971b9..., userDataDir: C:\Users\ajink\AppData\Loca...}, fedcm:accounts: true, goog:chromeOptions: {debuggerAddress: localhost:51259}, networkConnectionEnabled: false, pageLoadStrategy: normal, platformName: windows, proxy: Proxy(), se:cdp: ws://localhost:51259/devtoo..., se:cdpVersion: 130.0.6723.70, setWindowRect: true, strictFileInteractability: false, timeouts: {implicit: 0, pageLoad: 300000, script: 30000}, unhandledPromptBehavior: dismiss and notify, webauthn:extension:credBlob: true, webauthn:extension:largeBlob: true, webauthn:extension:minPinLength: true, webauthn:extension:prf: true, webauthn:virtualAuthenticators: true}
Session ID: 31323a6d91aefb6b8ce133936bca192d
at org.openqa.selenium.remote.ErrorCodec.decode(ErrorCodec.java:167)
at org.openqa.selenium.remote.codec.w3c.W3CHttpResponseCodec.decode(W3CHttpResponseCodec.java:138)
at org.openqa.selenium.remote.codec.w3c.W3CHttpResponseCodec.decode(W3CHttpResponseCodec.java:50)
at org.openqa.selenium.remote.HttpCommandExecutor.execute(HttpCommandExecutor.java:190)
at org.openqa.selenium.remote.service.DriverCommandExecutor.invokeExecute(DriverCommandExecutor.java:216)
at org.openqa.selenium.remote.service.DriverCommandExecutor.execute(DriverCommandExecutor.java:174)
at org.openqa.selenium.remote.RemoteWebDriver.execute(RemoteWebDriver.java:545)
at org.openqa.selenium.remote.RemoteWebDriver.execute(RemoteWebDriver.java:618)
at org.openqa.selenium.remote.RemoteWebDriver.execute(RemoteWebDriver.java:622)
at org.openqa.selenium.remote.RemoteWebDriver$RemoteWebDriverOptions$RemoteWindow.maximize(RemoteWebDriver.java:1061)
at testBase.BaseClass.setup(BaseClass.java:55)
at java.base/java.util.ArrayList.forEach(ArrayList.java:1511)
... Removed 34 stack frames]]>
    </failure>
  </testcase> <!-- @BeforeClass setup -->
  <testcase classname="testBase.BaseClass" name="@AfterClass tearDown" time="0.0">
    <skipped/>
  </testcase> <!-- @AfterClass tearDown -->
  <testcase classname="testCases.TC_001_AccountRegistrationTest" name="test_account_Registration" time="0.001">
    <skipped/>
  </testcase> <!-- test_account_Registration -->
  <testcase classname="testCases.TC_002_LoginTest" name="test_Login" time="0.0">
    <skipped/>
  </testcase> <!-- test_Login -->
  <testcase classname="testCases.TC_003_LoginDDT" name="verify_loginDDT" time="0.0">
    <skipped/>
  </testcase> <!-- verify_loginDDT -->
  <testcase classname="testCases.TC_003_LoginDDT" name="verify_loginDDT" time="0.0">
    <skipped/>
  </testcase> <!-- verify_loginDDT -->
  <testcase classname="testCases.TC_003_LoginDDT" name="verify_loginDDT" time="0.0">
    <skipped/>
  </testcase> <!-- verify_loginDDT -->
  <testcase classname="testCases.TC_003_LoginDDT" name="verify_loginDDT" time="0.0">
    <skipped/>
  </testcase> <!-- verify_loginDDT -->
  <testcase classname="testCases.TC_003_LoginDDT" name="verify_loginDDT" time="0.0">
    <skipped/>
  </testcase> <!-- verify_loginDDT -->
  <testcase classname="testCases.TC_004_SearchProductTest" name="verify_pruductSearch" time="0.0">
    <skipped/>
  </testcase> <!-- verify_pruductSearch -->
  <testcase classname="testCases.TC_005_AddToCartPageTest" name="verify_addToCart" time="0.0">
    <skipped/>
  </testcase> <!-- verify_addToCart -->
</testsuite> <!-- Test -->
